2025-10-02 12:17:50.180 | INFO     | freq_app.service:__init__:46 - Model not found: /Users/michaelpeel/Projects/freq-project/src/freq_app/prod_model/prod_model.pkl - building new model.
2025-10-02 12:17:50.181 | INFO     | freq_app.model.priors:load_priors:27 - Loaded priors from /Users/michaelpeel/Projects/freq-project/src/freq_app/data/priors.json
2025-10-02 12:17:50.181 | INFO     | freq_app.model.priors:load_priors:27 - Loaded priors from /Users/michaelpeel/Projects/freq-project/src/freq_app/data/priors.json
2025-10-02 12:17:50.181 | INFO     | freq_app.model.priors:build_priors:50 - Built TabularCPDs for priors.
2025-10-02 12:17:50.182 | INFO     | freq_app.model.model_builder:assemble:120 - Bayesian Network assembled and validated.
2025-10-02 12:17:50.182 | INFO     | freq_app.model.model_builder:save:169 - Model saved to /Users/michaelpeel/Projects/freq-project/src/freq_app/prod_model/prod_model.pkl
2025-10-02 12:17:50.182 | INFO     | freq_app.runner:run_case:25 - Scored case: {'Porting': 'Old', 'DarkWeb': 'Medium', 'StateMatch': 'Yes', 'ProxyFlag': 'No', 'MAID_NightDistance': 'Near'}
2025-10-02 12:17:50.182 | SUCCESS  | freq_app.runner:run_case:26 - Fraud probability: 0.1337
2025-10-02 12:17:50.182 | SUCCESS  | freq_app.runner:run_case:27 - Legit probability: 0.8663
2025-10-02 12:17:50.182 | INFO     | __main__:<module>:32 - Returned result: {'Fraud': 0.13369609685141975, 'Legit': 0.8663039031485802}
2025-10-02 12:44:11.707 | INFO     | freq_app.service:__init__:52 - Model found: /Users/michaelpeel/Projects/freq-project/src/freq_app/prod_model/prod_model.pkl - loading the model.
2025-10-02 12:44:11.708 | INFO     | freq_app.model.model_builder:load:190 - Model loaded from /Users/michaelpeel/Projects/freq-project/src/freq_app/prod_model/prod_model.pkl
2025-10-02 12:44:11.708 | INFO     | __main__:run_case:25 - Scored case: {'Porting': 'Recent', 'DarkWeb': 'High', 'StateMatch': 'No', 'ProxyFlag': 'Yes', 'MAID_NightDistance': 'Distant'}
2025-10-02 12:44:11.708 | SUCCESS  | __main__:run_case:26 - Fraud probability: 0.9493
2025-10-02 12:44:11.708 | SUCCESS  | __main__:run_case:27 - Legit probability: 0.0507
2025-10-02 13:25:54.801 | INFO     | freq_app.model.weights:load_weights:104 - No weights.json found (or empty) → building fresh weights
2025-10-02 13:25:54.802 | INFO     | freq_app.model.weights:train_and_save_weights:58 - Missing raw_probs.json at data/raw_probs.csv
2025-10-02 13:26:23.654 | INFO     | freq_app.service:__init__:52 - Model found: /Users/michaelpeel/Projects/freq-project/src/freq_app/prod_model/prod_model.pkl - loading the model.
2025-10-02 13:26:23.655 | INFO     | freq_app.model.model_builder:load:190 - Model loaded from /Users/michaelpeel/Projects/freq-project/src/freq_app/prod_model/prod_model.pkl
2025-10-02 13:26:23.656 | INFO     | __main__:run_case:25 - Scored case: {'Porting': 'Recent', 'DarkWeb': 'High', 'StateMatch': 'No', 'ProxyFlag': 'Yes', 'MAID_NightDistance': 'Distant'}
2025-10-02 13:26:23.656 | SUCCESS  | __main__:run_case:26 - Fraud probability: 0.9493
2025-10-02 13:26:23.656 | SUCCESS  | __main__:run_case:27 - Legit probability: 0.0507
2025-10-02 13:27:34.111 | INFO     | freq_app.service:__init__:52 - Model found: /Users/michaelpeel/Projects/freq-project/src/freq_app/prod_model/prod_model.pkl - loading the model.
2025-10-02 13:27:34.112 | INFO     | freq_app.model.model_builder:load:190 - Model loaded from /Users/michaelpeel/Projects/freq-project/src/freq_app/prod_model/prod_model.pkl
2025-10-02 13:27:34.112 | INFO     | __main__:run_case:25 - Scored case: {'Porting': 'Recent', 'DarkWeb': 'High', 'StateMatch': 'No', 'ProxyFlag': 'Yes', 'MAID_NightDistance': 'Distant'}
2025-10-02 13:27:34.112 | SUCCESS  | __main__:run_case:26 - Fraud probability: 0.9493
2025-10-02 13:27:34.112 | SUCCESS  | __main__:run_case:27 - Legit probability: 0.0507
2025-10-02 13:27:45.225 | INFO     | freq_app.service:__init__:52 - Model found: /Users/michaelpeel/Projects/freq-project/src/freq_app/prod_model/prod_model.pkl - loading the model.
2025-10-02 13:27:45.225 | INFO     | freq_app.model.model_builder:load:190 - Model loaded from /Users/michaelpeel/Projects/freq-project/src/freq_app/prod_model/prod_model.pkl
2025-10-02 13:27:45.226 | INFO     | __main__:run_case:25 - Scored case: {'Porting': 'Recent', 'DarkWeb': 'High', 'StateMatch': 'No', 'ProxyFlag': 'Yes', 'MAID_NightDistance': 'Distant'}
2025-10-02 13:27:45.226 | SUCCESS  | __main__:run_case:26 - Fraud probability: 0.9493
2025-10-02 13:27:45.226 | SUCCESS  | __main__:run_case:27 - Legit probability: 0.0507
2025-10-02 13:30:34.034 | INFO     | freq_app.service:__init__:52 - Model found: /Users/michaelpeel/Projects/freq-project/src/freq_app/prod_model/prod_model.pkl - loading the model.
2025-10-02 13:30:34.035 | INFO     | freq_app.model.model_builder:load:190 - Model loaded from /Users/michaelpeel/Projects/freq-project/src/freq_app/prod_model/prod_model.pkl
2025-10-02 13:30:34.036 | INFO     | __main__:run_case:25 - Scored case: {'Porting': 'Recent', 'DarkWeb': 'High', 'StateMatch': 'No', 'ProxyFlag': 'Yes', 'MAID_NightDistance': 'Distant'}
2025-10-02 13:30:34.036 | SUCCESS  | __main__:run_case:26 - Fraud probability: 0.9493
2025-10-02 13:30:34.036 | SUCCESS  | __main__:run_case:27 - Legit probability: 0.0507
2025-10-02 13:31:14.831 | INFO     | freq_app.service:__init__:52 - Model found: /Users/michaelpeel/Projects/freq-project/src/freq_app/prod_model/prod_model.pkl - loading the model.
2025-10-02 13:31:14.832 | INFO     | freq_app.model.model_builder:load:190 - Model loaded from /Users/michaelpeel/Projects/freq-project/src/freq_app/prod_model/prod_model.pkl
2025-10-02 13:31:14.832 | INFO     | __main__:run_case:25 - Scored case: {'Porting': 'Recent', 'DarkWeb': 'High', 'StateMatch': 'No', 'ProxyFlag': 'Yes', 'MAID_NightDistance': 'Distant'}
2025-10-02 13:31:14.833 | SUCCESS  | __main__:run_case:26 - Fraud probability: 0.9493
2025-10-02 13:31:14.833 | SUCCESS  | __main__:run_case:27 - Legit probability: 0.0507
2025-10-02 16:09:08.668 | INFO     | freq_app.service:__init__:52 - Model found: /Users/michaelpeel/Projects/freq-project/src/freq_app/prod_model/prod_model.pkl - loading the model.
2025-10-02 16:09:08.668 | INFO     | freq_app.model.model_builder:load:190 - Model loaded from /Users/michaelpeel/Projects/freq-project/src/freq_app/prod_model/prod_model.pkl
2025-10-02 16:09:08.669 | INFO     | __main__:run_case:25 - Scored case: {'Porting': 'Recent', 'DarkWeb': 'High', 'StateMatch': 'No', 'ProxyFlag': 'Yes', 'MAID_NightDistance': 'Distant'}
2025-10-02 16:09:08.669 | SUCCESS  | __main__:run_case:26 - Fraud probability: 0.9493
2025-10-02 16:09:08.669 | SUCCESS  | __main__:run_case:27 - Legit probability: 0.0507
2025-10-02 16:11:11.794 | INFO     | freq_app.service:__init__:52 - Model found: /Users/michaelpeel/Projects/freq-project/src/freq_app/prod_model/prod_model.pkl - loading the model.
2025-10-02 16:11:11.795 | INFO     | freq_app.model.model_builder:load:190 - Model loaded from /Users/michaelpeel/Projects/freq-project/src/freq_app/prod_model/prod_model.pkl
2025-10-02 16:11:11.796 | INFO     | __main__:run_case:25 - Scored case: {'Porting': 'Recent', 'DarkWeb': 'High', 'StateMatch': 'No', 'ProxyFlag': 'Yes', 'MAID_NightDistance': 'Distant'}
2025-10-02 16:11:11.796 | SUCCESS  | __main__:run_case:26 - Fraud probability: 0.9493
2025-10-02 16:11:11.796 | SUCCESS  | __main__:run_case:27 - Legit probability: 0.0507
2025-10-02 16:13:13.037 | INFO     | freq_app.service:__init__:52 - Model found: /Users/michaelpeel/Projects/freq-project/src/freq_app/prod_model/prod_model.pkl - loading the model.
2025-10-02 16:13:13.038 | INFO     | freq_app.model.model_builder:load:190 - Model loaded from /Users/michaelpeel/Projects/freq-project/src/freq_app/prod_model/prod_model.pkl
2025-10-02 16:13:13.038 | INFO     | __main__:run_case:25 - Scored case: {'Porting': 'Recent', 'DarkWeb': 'High', 'StateMatch': 'No', 'ProxyFlag': 'Yes', 'MAID_NightDistance': 'Distant'}
2025-10-02 16:13:13.039 | SUCCESS  | __main__:run_case:26 - Fraud probability: 0.9493
2025-10-02 16:13:13.039 | SUCCESS  | __main__:run_case:27 - Legit probability: 0.0507
2025-10-02 16:18:26.668 | INFO     | freq_app.service:__init__:52 - Model found: /Users/michaelpeel/Projects/freq-project/src/freq_app/prod_model/prod_model.pkl - loading the model.
2025-10-02 16:18:26.668 | INFO     | freq_app.model.model_builder:load:190 - Model loaded from /Users/michaelpeel/Projects/freq-project/src/freq_app/prod_model/prod_model.pkl
2025-10-02 16:18:26.669 | INFO     | __main__:run_case:25 - Scored case: {'Porting': 'Recent', 'DarkWeb': 'High', 'StateMatch': 'No', 'ProxyFlag': 'Yes', 'MAID_NightDistance': 'Distant'}
2025-10-02 16:18:26.669 | SUCCESS  | __main__:run_case:26 - Fraud probability: 0.9493
2025-10-02 16:18:26.669 | SUCCESS  | __main__:run_case:27 - Legit probability: 0.0507
2025-10-02 16:22:34.367 | INFO     | freq_app.service:__init__:52 - Model found: /Users/michaelpeel/Projects/freq-project/src/freq_app/prod_model/prod_model.pkl - loading the model.
2025-10-02 16:22:34.368 | INFO     | freq_app.model.model_builder:load:190 - Model loaded from /Users/michaelpeel/Projects/freq-project/src/freq_app/prod_model/prod_model.pkl
2025-10-02 16:22:34.368 | INFO     | __main__:run_case:25 - Scored case: {'Porting': 'Recent', 'DarkWeb': 'High', 'StateMatch': 'No', 'ProxyFlag': 'Yes', 'MAID_NightDistance': 'Distant'}
2025-10-02 16:22:34.368 | SUCCESS  | __main__:run_case:26 - Fraud probability: 0.9493
2025-10-02 16:22:34.368 | SUCCESS  | __main__:run_case:27 - Legit probability: 0.0507
